<?xml version="1.0" encoding="UTF-8"?>
<!-- Generated by org.testng.reporters.JUnitXMLReporter -->
<testsuite hostname="danksh-PC" ignored="0" name="OrangeHRM test" tests="1" failures="1" timestamp="20 Feb 2020 18:15:48 GMT" time="6.134" errors="0">
  <testcase name="TC1VerifyValidAdminUser" time="6.118" classname="com.orangehrm.tests.LoginTests">
    <failure type="org.testng.TestNGException" message="java.util.concurrent.ExecutionException: java.lang.NullPointerException">
      <![CDATA[org.testng.TestNGException: java.util.concurrent.ExecutionException: java.lang.NullPointerException
at org.testng.internal.PoolService.submitTasksAndWait(PoolService.java:53)
at org.testng.internal.Invoker.invokeTestMethods(Invoker.java:970)
at org.testng.internal.TestMethodWorker.invokeTestMethods(TestMethodWorker.java:125)
at org.testng.internal.TestMethodWorker.run(TestMethodWorker.java:109)
at java.util.concurrent.ThreadPoolExecutor.runWorker(ThreadPoolExecutor.java:1142)
at java.util.concurrent.ThreadPoolExecutor$Worker.run(ThreadPoolExecutor.java:617)
at java.lang.Thread.run(Thread.java:748)
Caused by: java.util.concurrent.ExecutionException: java.lang.NullPointerException
at java.util.concurrent.FutureTask.report(FutureTask.java:122)
at java.util.concurrent.FutureTask.get(FutureTask.java:192)
at org.testng.internal.PoolService.submitTasksAndWait(PoolService.java:51)
... 6 more
Caused by: java.lang.NullPointerException
at com.orangehrm.common.ImplIinvokedListner.afterInvocation(ImplIinvokedListner.java:44)
at org.testng.internal.invokers.InvokedMethodListenerInvoker$InvokeAfterInvocationWithoutContextStrategy.callMethod(InvokedMethodListenerInvoker.java:100)
at org.testng.internal.invokers.InvokedMethodListenerInvoker.invokeListener(InvokedMethodListenerInvoker.java:62)
at org.testng.internal.Invoker.runInvokedMethodListeners(Invoker.java:493)
at org.testng.internal.Invoker.invokeMethod(Invoker.java:617)
at org.testng.internal.Invoker.invokeTestMethod(Invoker.java:719)
at org.testng.internal.TestMethodWithDataProviderMethodWorker.call(TestMethodWithDataProviderMethodWorker.java:71)
at org.testng.internal.TestMethodWithDataProviderMethodWorker.call(TestMethodWithDataProviderMethodWorker.java:14)
at java.util.concurrent.FutureTask.run(FutureTask.java:266)
at java.util.concurrent.Executors$RunnableAdapter.call(Executors.java:511)
at java.util.concurrent.FutureTask.run(FutureTask.java:266)
... 3 more
]]>
    </failure>
  </testcase> <!-- TC1VerifyValidAdminUser -->
</testsuite> <!-- OrangeHRM test -->
